c:\users\slymongoose\desktop\bzflag-2.4.2\msvc\build\bzfs_win32_debug\bzfs.lib
c:\users\slymongoose\desktop\bzflag-2.4.2\msvc\build\bzfs_win32_debug\bzfs.exp
c:\users\slymongoose\desktop\bzflag-2.4.2\msvc\build\bzfs_win32_debug\vc140.pdb
c:\users\slymongoose\desktop\bzflag-2.4.2\msvc\build\bzfs_win32_debug\vc140.idb
c:\users\slymongoose\desktop\bzflag-2.4.2\msvc\build\bzfs_win32_debug\servercommand.obj
c:\users\slymongoose\desktop\bzflag-2.4.2\msvc\build\bzfs_win32_debug\score.obj
c:\users\slymongoose\desktop\bzflag-2.4.2\msvc\build\bzfs_win32_debug\rejoinlist.obj
c:\users\slymongoose\desktop\bzflag-2.4.2\msvc\build\bzfs_win32_debug\recordreplay.obj
c:\users\slymongoose\desktop\bzflag-2.4.2\msvc\build\bzfs_win32_debug\permissions.obj
c:\users\slymongoose\desktop\bzflag-2.4.2\msvc\build\bzfs_win32_debug\parsematerial.obj
c:\users\slymongoose\desktop\bzflag-2.4.2\msvc\build\bzfs_win32_debug\masterbanlist.obj
c:\users\slymongoose\desktop\bzflag-2.4.2\msvc\build\bzfs_win32_debug\listserverconnection.obj
c:\users\slymongoose\desktop\bzflag-2.4.2\msvc\build\bzfs_win32_debug\gamekeeper.obj
c:\users\slymongoose\desktop\bzflag-2.4.2\msvc\build\bzfs_win32_debug\flaginfo.obj
c:\users\slymongoose\desktop\bzflag-2.4.2\msvc\build\bzfs_win32_debug\flaghistory.obj
c:\users\slymongoose\desktop\bzflag-2.4.2\msvc\build\bzfs_win32_debug\filter.obj
c:\users\slymongoose\desktop\bzflag-2.4.2\msvc\build\bzfs_win32_debug\entryzones.obj
c:\users\slymongoose\desktop\bzflag-2.4.2\msvc\build\bzfs_win32_debug\dropgeometry.obj
c:\users\slymongoose\desktop\bzflag-2.4.2\msvc\build\bzfs_win32_debug\commands.obj
c:\users\slymongoose\desktop\bzflag-2.4.2\msvc\build\bzfs_win32_debug\cmdlineoptions.obj
c:\users\slymongoose\desktop\bzflag-2.4.2\msvc\build\bzfs_win32_debug\bzfs.obj
c:\users\slymongoose\desktop\bzflag-2.4.2\msvc\build\bzfs_win32_debug\bancommands.obj
c:\users\slymongoose\desktop\bzflag-2.4.2\msvc\build\bzfs_win32_debug\authentication.obj
c:\users\slymongoose\desktop\bzflag-2.4.2\msvc\build\bzfs_win32_debug\accesscontrollist.obj
c:\users\slymongoose\desktop\bzflag-2.4.2\msvc\build\bzfs_win32_debug\customsphere.obj
c:\users\slymongoose\desktop\bzflag-2.4.2\msvc\build\bzfs_win32_debug\custompyramid.obj
c:\users\slymongoose\desktop\bzflag-2.4.2\msvc\build\bzfs_win32_debug\customphysicsdriver.obj
c:\users\slymongoose\desktop\bzflag-2.4.2\msvc\build\bzfs_win32_debug\custommeshtransform.obj
c:\users\slymongoose\desktop\bzflag-2.4.2\msvc\build\bzfs_win32_debug\custommeshface.obj
c:\users\slymongoose\desktop\bzflag-2.4.2\msvc\build\bzfs_win32_debug\custommesh.obj
c:\users\slymongoose\desktop\bzflag-2.4.2\msvc\build\bzfs_win32_debug\custommaterial.obj
c:\users\slymongoose\desktop\bzflag-2.4.2\msvc\build\bzfs_win32_debug\customlink.obj
c:\users\slymongoose\desktop\bzflag-2.4.2\msvc\build\bzfs_win32_debug\customgroup.obj
c:\users\slymongoose\desktop\bzflag-2.4.2\msvc\build\bzfs_win32_debug\customgate.obj
c:\users\slymongoose\desktop\bzflag-2.4.2\msvc\build\bzfs_win32_debug\customdynamiccolor.obj
c:\users\slymongoose\desktop\bzflag-2.4.2\msvc\build\bzfs_win32_debug\customcone.obj
c:\users\slymongoose\desktop\bzflag-2.4.2\msvc\build\bzfs_win32_debug\custombox.obj
c:\users\slymongoose\desktop\bzflag-2.4.2\msvc\build\bzfs_win32_debug\custombase.obj
c:\users\slymongoose\desktop\bzflag-2.4.2\msvc\build\bzfs_win32_debug\customarc.obj
c:\users\slymongoose\desktop\bzflag-2.4.2\msvc\build\bzfs_win32_debug\bzwreader.obj
c:\users\slymongoose\desktop\bzflag-2.4.2\msvc\build\bzfs_win32_debug\bzwerror.obj
c:\users\slymongoose\desktop\bzflag-2.4.2\msvc\build\bzfs_win32_debug\teambases.obj
c:\users\slymongoose\desktop\bzflag-2.4.2\msvc\build\bzfs_win32_debug\spawnposition.obj
c:\users\slymongoose\desktop\bzflag-2.4.2\msvc\build\bzfs_win32_debug\spawnpolicy.obj
c:\users\slymongoose\desktop\bzflag-2.4.2\msvc\build\bzfs_win32_debug\bzfshttpapi.obj
c:\users\slymongoose\desktop\bzflag-2.4.2\msvc\build\bzfs_win32_debug\serversideplayer.obj
c:\users\slymongoose\desktop\bzflag-2.4.2\msvc\build\bzfs_win32_debug\bzfsplugins.obj
c:\users\slymongoose\desktop\bzflag-2.4.2\msvc\build\bzfs_win32_debug\bzfsapi.obj
c:\users\slymongoose\desktop\bzflag-2.4.2\msvc\build\bzfs_win32_debug\base64.obj
c:\users\slymongoose\desktop\bzflag-2.4.2\msvc\build\bzfs_win32_debug\worldweapons.obj
c:\users\slymongoose\desktop\bzflag-2.4.2\msvc\build\bzfs_win32_debug\worldinfo.obj
c:\users\slymongoose\desktop\bzflag-2.4.2\msvc\build\bzfs_win32_debug\worldgenerators.obj
c:\users\slymongoose\desktop\bzflag-2.4.2\msvc\build\bzfs_win32_debug\worldfileobstacle.obj
c:\users\slymongoose\desktop\bzflag-2.4.2\msvc\build\bzfs_win32_debug\worldfileobject.obj
c:\users\slymongoose\desktop\bzflag-2.4.2\msvc\build\bzfs_win32_debug\worldfilelocation.obj
c:\users\slymongoose\desktop\bzflag-2.4.2\msvc\build\bzfs_win32_debug\worldeventmanager.obj
c:\users\slymongoose\desktop\bzflag-2.4.2\msvc\build\bzfs_win32_debug\customzone.obj
c:\users\slymongoose\desktop\bzflag-2.4.2\msvc\build\bzfs_win32_debug\customworld.obj
c:\users\slymongoose\desktop\bzflag-2.4.2\msvc\build\bzfs_win32_debug\customweapon.obj
c:\users\slymongoose\desktop\bzflag-2.4.2\msvc\build\bzfs_win32_debug\customwaterlevel.obj
c:\users\slymongoose\desktop\bzflag-2.4.2\msvc\build\bzfs_win32_debug\customtexturematrix.obj
c:\users\slymongoose\desktop\bzflag-2.4.2\msvc\build\bzfs_win32_debug\customtetra.obj
c:\users\slymongoose\desktop\bzflag-2.4.2\msvc\build\bzfs_win32_debug\bzfs.ilk
c:\users\slymongoose\desktop\bzflag-2.4.2\msvc\build\bzfs_win32_debug\bzfs.exe
c:\users\slymongoose\desktop\bzflag-2.4.2\msvc\build\bzfs_win32_debug\bzfs.pdb
c:\users\slymongoose\desktop\bzflag-2.4.2\msvc\build\bzfs_win32_debug\bzfs.tlog\bzfs.write.1u.tlog
c:\users\slymongoose\desktop\bzflag-2.4.2\msvc\build\bzfs_win32_debug\bzfs.tlog\cl.command.1.tlog
c:\users\slymongoose\desktop\bzflag-2.4.2\msvc\build\bzfs_win32_debug\bzfs.tlog\cl.read.1.tlog
c:\users\slymongoose\desktop\bzflag-2.4.2\msvc\build\bzfs_win32_debug\bzfs.tlog\cl.write.1.tlog
c:\users\slymongoose\desktop\bzflag-2.4.2\msvc\build\bzfs_win32_debug\bzfs.tlog\link.command.1.tlog
c:\users\slymongoose\desktop\bzflag-2.4.2\msvc\build\bzfs_win32_debug\bzfs.tlog\link.read.1.tlog
c:\users\slymongoose\desktop\bzflag-2.4.2\msvc\build\bzfs_win32_debug\bzfs.tlog\link.write.1.tlog
