c:\users\slymongoose\desktop\bzflag-2.4.2\msvc\build\regex_win32_debug\regex.bsc
c:\users\slymongoose\desktop\bzflag-2.4.2\msvc\build\regex_win32_debug\regex.pdb
c:\users\slymongoose\desktop\bzflag-2.4.2\msvc\build\regex_win32_debug\regex.idb
c:\users\slymongoose\desktop\bzflag-2.4.2\msvc\build\regex_win32_debug\regfree.sbr
c:\users\slymongoose\desktop\bzflag-2.4.2\msvc\build\regex_win32_debug\regexec.sbr
c:\users\slymongoose\desktop\bzflag-2.4.2\msvc\build\regex_win32_debug\regerror.sbr
c:\users\slymongoose\desktop\bzflag-2.4.2\msvc\build\regex_win32_debug\regcomp.sbr
c:\users\slymongoose\desktop\bzflag-2.4.2\msvc\build\regex_win32_debug\regcomp.obj
c:\users\slymongoose\desktop\bzflag-2.4.2\msvc\build\regex_win32_debug\regerror.obj
c:\users\slymongoose\desktop\bzflag-2.4.2\msvc\build\regex_win32_debug\regexec.obj
c:\users\slymongoose\desktop\bzflag-2.4.2\msvc\build\regex_win32_debug\regfree.obj
c:\users\slymongoose\desktop\bzflag-2.4.2\msvc\build\regex_win32_debug\regex.lib
c:\users\slymongoose\desktop\bzflag-2.4.2\msvc\build\./regex_win32_debug\regex.lib
c:\users\slymongoose\desktop\bzflag-2.4.2\msvc\build\regex_win32_debug\regex.tlog\bscmake.command.1.tlog
c:\users\slymongoose\desktop\bzflag-2.4.2\msvc\build\regex_win32_debug\regex.tlog\bscmake.read.1.tlog
c:\users\slymongoose\desktop\bzflag-2.4.2\msvc\build\regex_win32_debug\regex.tlog\bscmake.write.1.tlog
c:\users\slymongoose\desktop\bzflag-2.4.2\msvc\build\regex_win32_debug\regex.tlog\cl.command.1.tlog
c:\users\slymongoose\desktop\bzflag-2.4.2\msvc\build\regex_win32_debug\regex.tlog\cl.read.1.tlog
c:\users\slymongoose\desktop\bzflag-2.4.2\msvc\build\regex_win32_debug\regex.tlog\cl.write.1.tlog
c:\users\slymongoose\desktop\bzflag-2.4.2\msvc\build\regex_win32_debug\regex.tlog\lib-link.read.1.tlog
c:\users\slymongoose\desktop\bzflag-2.4.2\msvc\build\regex_win32_debug\regex.tlog\lib-link.write.1.tlog
c:\users\slymongoose\desktop\bzflag-2.4.2\msvc\build\regex_win32_debug\regex.tlog\lib.command.1.tlog
