c:\users\slymongoose\desktop\bzflag-2.4.2\msvc\build\bzflag_win32_debug\autopilot.obj
c:\users\slymongoose\desktop\bzflag-2.4.2\msvc\build\bzflag_win32_debug\serverlistfilter.obj
c:\users\slymongoose\desktop\bzflag-2.4.2\msvc\build\bzflag_win32_debug\hudui.obj
c:\users\slymongoose\desktop\bzflag-2.4.2\msvc\build\bzflag_win32_debug\scenerenderer.obj
c:\users\slymongoose\desktop\bzflag-2.4.2\msvc\build\bzflag_win32_debug\silencedefaultkey.obj
c:\users\slymongoose\desktop\bzflag-2.4.2\msvc\build\bzflag_win32_debug\displaymenu.obj
c:\users\slymongoose\desktop\bzflag-2.4.2\msvc\build\bzflag_win32_debug\optionsmenu.obj
c:\users\slymongoose\desktop\bzflag-2.4.2\msvc\build\bzflag_win32_debug\flashclock.obj
c:\users\slymongoose\desktop\bzflag-2.4.2\msvc\build\bzflag_win32_debug\localcommand.obj
c:\users\slymongoose\desktop\bzflag-2.4.2\msvc\build\bzflag_win32_debug\shotstatsdefaultkey.obj
c:\users\slymongoose\desktop\bzflag-2.4.2\msvc\build\bzflag_win32_debug\hudrenderer.obj
c:\users\slymongoose\desktop\bzflag-2.4.2\msvc\build\bzflag_win32_debug\regionpriorityqueue.obj
c:\users\slymongoose\desktop\bzflag-2.4.2\msvc\build\bzflag_win32_debug\robotplayer.obj
c:\users\slymongoose\desktop\bzflag-2.4.2\msvc\build\bzflag_win32_debug\audiomenu.obj
c:\users\slymongoose\desktop\bzflag-2.4.2\msvc\build\bzflag_win32_debug\mainmenu.obj
c:\users\slymongoose\desktop\bzflag-2.4.2\msvc\build\bzflag_win32_debug\actionbinding.obj
c:\users\slymongoose\desktop\bzflag-2.4.2\msvc\build\bzflag_win32_debug\plan.obj
c:\users\slymongoose\desktop\bzflag-2.4.2\msvc\build\bzflag_win32_debug\daylight.obj
c:\users\slymongoose\desktop\bzflag-2.4.2\msvc\build\bzflag_win32_debug\radarrenderer.obj
c:\users\slymongoose\desktop\bzflag-2.4.2\msvc\build\bzflag_win32_debug\servercommandkey.obj
c:\users\slymongoose\desktop\bzflag-2.4.2\msvc\build\bzflag_win32_debug\shotstrategy.obj
c:\users\slymongoose\desktop\bzflag-2.4.2\msvc\build\bzflag_win32_debug\menudefaultkey.obj
c:\users\slymongoose\desktop\bzflag-2.4.2\msvc\build\bzflag_win32_debug\clientconfig.obj
c:\users\slymongoose\desktop\bzflag-2.4.2\msvc\build\bzflag_win32_debug\callbacks.obj
c:\users\slymongoose\desktop\bzflag-2.4.2\msvc\build\bzflag_win32_debug\roaming.obj
c:\users\slymongoose\desktop\bzflag-2.4.2\msvc\build\bzflag_win32_debug\controlpanel.obj
c:\users\slymongoose\desktop\bzflag-2.4.2\msvc\build\bzflag_win32_debug\scoreboardrenderer.obj
c:\users\slymongoose\desktop\bzflag-2.4.2\msvc\build\bzflag_win32_debug\world.obj
c:\users\slymongoose\desktop\bzflag-2.4.2\msvc\build\bzflag_win32_debug\guioptionsmenu.obj
c:\users\slymongoose\desktop\bzflag-2.4.2\msvc\build\bzflag_win32_debug\serverstartmenu.obj
c:\users\slymongoose\desktop\bzflag-2.4.2\msvc\build\bzflag_win32_debug\mysearchgraph.obj
c:\users\slymongoose\desktop\bzflag-2.4.2\msvc\build\bzflag_win32_debug\rooftops.obj
c:\users\slymongoose\desktop\bzflag-2.4.2\msvc\build\bzflag_win32_debug\weapon.obj
c:\users\slymongoose\desktop\bzflag-2.4.2\msvc\build\bzflag_win32_debug\huduitexturelabel.obj
c:\users\slymongoose\desktop\bzflag-2.4.2\msvc\build\bzflag_win32_debug\playing.obj
c:\users\slymongoose\desktop\bzflag-2.4.2\msvc\build\bzflag_win32_debug\formatmenu.obj
c:\users\slymongoose\desktop\bzflag-2.4.2\msvc\build\bzflag_win32_debug\quitmenu.obj
c:\users\slymongoose\desktop\bzflag-2.4.2\msvc\build\bzflag_win32_debug\bzdblocal.obj
c:\users\slymongoose\desktop\bzflag-2.4.2\msvc\build\bzflag_win32_debug\mainwindow.obj
c:\users\slymongoose\desktop\bzflag-2.4.2\msvc\build\bzflag_win32_debug\targetingutils.obj
c:\users\slymongoose\desktop\bzflag-2.4.2\msvc\build\bzflag_win32_debug\huduidefaultkey.obj
c:\users\slymongoose\desktop\bzflag-2.4.2\msvc\build\bzflag_win32_debug\huduitypein.obj
c:\users\slymongoose\desktop\bzflag-2.4.2\msvc\build\bzflag_win32_debug\remoteplayer.obj
c:\users\slymongoose\desktop\bzflag-2.4.2\msvc\build\bzflag_win32_debug\shockwavestrategy.obj
c:\users\slymongoose\desktop\bzflag-2.4.2\msvc\build\bzflag_win32_debug\inputmenu.obj
c:\users\slymongoose\desktop\bzflag-2.4.2\msvc\build\bzflag_win32_debug\defaultbzdb.obj
c:\users\slymongoose\desktop\bzflag-2.4.2\msvc\build\bzflag_win32_debug\entryzone.obj
c:\users\slymongoose\desktop\bzflag-2.4.2\msvc\build\bzflag_win32_debug\motd.obj
c:\users\slymongoose\desktop\bzflag-2.4.2\msvc\build\bzflag_win32_debug\backgroundrenderer.obj
c:\users\slymongoose\desktop\bzflag-2.4.2\msvc\build\bzflag_win32_debug\stars.obj
c:\users\slymongoose\desktop\bzflag-2.4.2\msvc\build\bzflag_win32_debug\player.obj
c:\users\slymongoose\desktop\bzflag-2.4.2\msvc\build\bzflag_win32_debug\shotpath.obj
c:\users\slymongoose\desktop\bzflag-2.4.2\msvc\build\bzflag_win32_debug\huddialogstack.obj
c:\users\slymongoose\desktop\bzflag-2.4.2\msvc\build\bzflag_win32_debug\servermenu.obj
c:\users\slymongoose\desktop\bzflag-2.4.2\msvc\build\bzflag_win32_debug\clientcommands.obj
c:\users\slymongoose\desktop\bzflag-2.4.2\msvc\build\bzflag_win32_debug\shotstatistics.obj
c:\users\slymongoose\desktop\bzflag-2.4.2\msvc\build\bzflag_win32_debug\huddialog.obj
c:\users\slymongoose\desktop\bzflag-2.4.2\msvc\build\bzflag_win32_debug\scenebuilder.obj
c:\users\slymongoose\desktop\bzflag-2.4.2\msvc\build\bzflag_win32_debug\roster.obj
c:\users\slymongoose\desktop\bzflag-2.4.2\msvc\build\bzflag_win32_debug\shotpathsegment.obj
c:\users\slymongoose\desktop\bzflag-2.4.2\msvc\build\bzflag_win32_debug\keyboardmapmenu.obj
c:\users\slymongoose\desktop\bzflag-2.4.2\msvc\build\bzflag_win32_debug\forcefeedback.obj
c:\users\slymongoose\desktop\bzflag-2.4.2\msvc\build\bzflag_win32_debug\region.obj
c:\users\slymongoose\desktop\bzflag-2.4.2\msvc\build\bzflag_win32_debug\sound.obj
c:\users\slymongoose\desktop\bzflag-2.4.2\msvc\build\bzflag_win32_debug\huduicontrol.obj
c:\users\slymongoose\desktop\bzflag-2.4.2\msvc\build\bzflag_win32_debug\weatherrenderer.obj
c:\users\slymongoose\desktop\bzflag-2.4.2\msvc\build\bzflag_win32_debug\worldbuilder.obj
c:\users\slymongoose\desktop\bzflag-2.4.2\msvc\build\bzflag_win32_debug\effectsmenu.obj
c:\users\slymongoose\desktop\bzflag-2.4.2\msvc\build\bzflag_win32_debug\quickkeysmenu.obj
c:\users\slymongoose\desktop\bzflag-2.4.2\msvc\build\bzflag_win32_debug\downloads.obj
c:\users\slymongoose\desktop\bzflag-2.4.2\msvc\build\bzflag_win32_debug\serverlink.obj
c:\users\slymongoose\desktop\bzflag-2.4.2\msvc\build\bzflag_win32_debug\effectsrenderer.obj
c:\users\slymongoose\desktop\bzflag-2.4.2\msvc\build\bzflag_win32_debug\localplayer.obj
c:\users\slymongoose\desktop\bzflag-2.4.2\msvc\build\bzflag_win32_debug\segmentedshotstrategy.obj
c:\users\slymongoose\desktop\bzflag-2.4.2\msvc\build\bzflag_win32_debug\joinmenu.obj
c:\users\slymongoose\desktop\bzflag-2.4.2\msvc\build\bzflag_win32_debug\commandsimplementation.obj
c:\users\slymongoose\desktop\bzflag-2.4.2\msvc\build\bzflag_win32_debug\shotstats.obj
c:\users\slymongoose\desktop\bzflag-2.4.2\msvc\build\bzflag_win32_debug\huduilabel.obj
c:\users\slymongoose\desktop\bzflag-2.4.2\msvc\build\bzflag_win32_debug\baselocalplayer.obj
c:\users\slymongoose\desktop\bzflag-2.4.2\msvc\build\bzflag_win32_debug\worldplayer.obj
c:\users\slymongoose\desktop\bzflag-2.4.2\msvc\build\bzflag_win32_debug\cachemenu.obj
c:\users\slymongoose\desktop\bzflag-2.4.2\msvc\build\bzflag_win32_debug\newversionmenu.obj
c:\users\slymongoose\desktop\bzflag-2.4.2\msvc\build\bzflag_win32_debug\bzflag.obj
c:\users\slymongoose\desktop\bzflag-2.4.2\msvc\build\bzflag_win32_debug\trackmarks.obj
c:\users\slymongoose\desktop\bzflag-2.4.2\msvc\build\bzflag_win32_debug\huduilist.obj
c:\users\slymongoose\desktop\bzflag-2.4.2\msvc\build\bzflag_win32_debug\composedefaultkey.obj
c:\users\slymongoose\desktop\bzflag-2.4.2\msvc\build\bzflag_win32_debug\guidedmisslestrategy.obj
c:\users\slymongoose\desktop\bzflag-2.4.2\msvc\build\bzflag_win32_debug\helpmenu.obj
c:\users\slymongoose\desktop\bzflag-2.4.2\msvc\build\bzflag_win32_debug\saveworldmenu.obj
c:\users\slymongoose\desktop\bzflag-2.4.2\bin_win32
c:\users\slymongoose\desktop\bzflag-2.4.2\bin_win32.pdb
c:\users\slymongoose\desktop\bzflag-2.4.2\bin_win32.idb
c:\users\slymongoose\desktop\bzflag-2.4.2\msvc\build\bzflag_win32_debug\glew.obj
c:\users\slymongoose\desktop\bzflag-2.4.2\msvc\build\bzflag_win32_debug\astarnode.obj
c:\users\slymongoose\desktop\bzflag-2.4.2\msvc\build\bzflag_win32_debug\dectree.obj
c:\users\slymongoose\desktop\bzflag-2.4.2\msvc\build\bzflag_win32_debug\bzflag.ilk
c:\users\slymongoose\desktop\bzflag-2.4.2\msvc\build\bzflag_win32_debug\bzflag.exe
c:\users\slymongoose\desktop\bzflag-2.4.2\msvc\build\bzflag_win32_debug\bzflag.pdb
c:\users\slymongoose\desktop\bzflag-2.4.2\msvc\build\bzflag_win32_debug\bzflag.res
c:\users\slymongoose\desktop\bzflag-2.4.2\msvc\build\bzflag_win32_debug\bzflag.tlog\cl.command.1.tlog
c:\users\slymongoose\desktop\bzflag-2.4.2\msvc\build\bzflag_win32_debug\bzflag.tlog\cl.read.1.tlog
c:\users\slymongoose\desktop\bzflag-2.4.2\msvc\build\bzflag_win32_debug\bzflag.tlog\cl.write.1.tlog
c:\users\slymongoose\desktop\bzflag-2.4.2\msvc\build\bzflag_win32_debug\bzflag.tlog\link.command.1.tlog
c:\users\slymongoose\desktop\bzflag-2.4.2\msvc\build\bzflag_win32_debug\bzflag.tlog\link.read.1.tlog
c:\users\slymongoose\desktop\bzflag-2.4.2\msvc\build\bzflag_win32_debug\bzflag.tlog\link.write.1.tlog
c:\users\slymongoose\desktop\bzflag-2.4.2\msvc\build\bzflag_win32_debug\bzflag.tlog\rc.command.1.tlog
c:\users\slymongoose\desktop\bzflag-2.4.2\msvc\build\bzflag_win32_debug\bzflag.tlog\rc.read.1.tlog
c:\users\slymongoose\desktop\bzflag-2.4.2\msvc\build\bzflag_win32_debug\bzflag.tlog\rc.write.1.tlog
