  ActionBinding.cxx
  AStarNode.cpp
  AutoPilot.cxx
  dectree.cxx
  MySearchGraph.cpp
  BZDBLocal.cxx
  bzflag.cxx
  callbacks.cxx
  clientCommands.cxx
  CommandsImplementation.cxx
  Downloads.cxx
  EntryZone.cxx
  FlashClock.cxx
c:\users\slymongoose\desktop\bzflag-2.4.2\src\bzflag\mysearchgraph.cpp(49): warning C4018: '<': signed/unsigned mismatch
c:\users\slymongoose\desktop\yagsbpl-master\yagsbpl-2.1\yagsbpl_base.h(235): warning C4018: '<': signed/unsigned mismatch (compiling source file ..\..\src\bzflag\MySearchGraph.cpp)
  c:\users\slymongoose\desktop\yagsbpl-master\yagsbpl-2.1\yagsbpl_base.h(231): note: while compiling class template member function 'HashTableContainer<NodeType,CostType,PlannerSpecificVariables>::~HashTableContainer(void)'
          with
          [
              NodeType=myNode,
              CostType=double,
              PlannerSpecificVariables=A_star_variables<double>
          ] (compiling source file ..\..\src\bzflag\MySearchGraph.cpp)
  c:\users\slymongoose\desktop\bzflag-2.4.2\src\bzflag\mysearchgraph.cpp(91): note: see reference to function template instantiation 'HashTableContainer<NodeType,CostType,PlannerSpecificVariables>::~HashTableContainer(void)' being compiled
          with
          [
              NodeType=myNode,
              CostType=double,
              PlannerSpecificVariables=A_star_variables<double>
          ]
  c:\users\slymongoose\desktop\yagsbpl-master\yagsbpl-2.1\yagsbpl_base.h(255): note: see reference to class template instantiation 'HashTableContainer<NodeType,CostType,PlannerSpecificVariables>' being compiled
          with
          [
              NodeType=myNode,
              CostType=double,
              PlannerSpecificVariables=A_star_variables<double>
          ] (compiling source file ..\..\src\bzflag\MySearchGraph.cpp)
  c:\users\slymongoose\desktop\yagsbpl-master\yagsbpl-2.1\yagsbpl_base.h(255): note: while compiling class template member function 'GenericPlanner<NodeType,CostType,A_star_variables<CostType>>::~GenericPlanner(void)'
          with
          [
              NodeType=myNode,
              CostType=double
          ] (compiling source file ..\..\src\bzflag\MySearchGraph.cpp)
  c:\users\slymongoose\desktop\bzflag-2.4.2\src\bzflag\mysearchgraph.cpp(55): note: see reference to function template instantiation 'GenericPlanner<NodeType,CostType,A_star_variables<CostType>>::~GenericPlanner(void)' being compiled
          with
          [
              NodeType=myNode,
              CostType=double
          ]
  c:\users\slymongoose\desktop\yagsbpl-master\yagsbpl-2.1\planners\a_star.h(67): note: see reference to class template instantiation 'GenericPlanner<NodeType,CostType,A_star_variables<CostType>>' being compiled
          with
          [
              NodeType=myNode,
              CostType=double
          ] (compiling source file ..\..\src\bzflag\MySearchGraph.cpp)
  c:\users\slymongoose\desktop\bzflag-2.4.2\src\bzflag\mysearchgraph.cpp(42): note: see reference to class template instantiation 'A_star_planner<myNode,double>' being compiled
c:\users\slymongoose\desktop\bzflag-2.4.2\src\bzflag\astarnode.cpp(36): warning C4996: 'sprintf': This function or variable may be unsafe. Consider using sprintf_s instead. To disable deprecation, use _CRT_SECURE_NO_WARNINGS. See online help for details.
  c:\program files (x86)\windows kits\10\include\10.0.10240.0\ucrt\stdio.h(1769): note: see declaration of 'sprintf'
c:\users\slymongoose\desktop\bzflag-2.4.2\src\bzflag\astarnode.cpp(101): warning C4244: 'initializing': conversion from 'float' to 'int', possible loss of data
  ForceFeedback.cxx
  LocalCommand.cxx
c:\users\slymongoose\desktop\yagsbpl-master\yagsbpl-2.1\planners\a_star.cpp(50): warning C4018: '<': signed/unsigned mismatch (compiling source file ..\..\src\bzflag\MySearchGraph.cpp)
  c:\users\slymongoose\desktop\yagsbpl-master\yagsbpl-2.1\planners\a_star.cpp(32): note: while compiling class template member function 'void A_star_planner<myNode,double>::init(GenericSearchGraphDescriptor<myNode,double> *,bool)' (compiling source file ..\..\src\bzflag\MySearchGraph.cpp)
  c:\users\slymongoose\desktop\yagsbpl-master\yagsbpl-2.1\planners\a_star.h(103): note: see reference to function template instantiation 'void A_star_planner<myNode,double>::init(GenericSearchGraphDescriptor<myNode,double> *,bool)' being compiled (compiling source file ..\..\src\bzflag\MySearchGraph.cpp)
c:\users\slymongoose\desktop\yagsbpl-master\yagsbpl-2.1\planners\a_star.cpp(201): warning C4018: '<': signed/unsigned mismatch (compiling source file ..\..\src\bzflag\MySearchGraph.cpp)
  c:\users\slymongoose\desktop\yagsbpl-master\yagsbpl-2.1\planners\a_star.cpp(124): note: while compiling class template member function 'void A_star_planner<myNode,double>::plan(void)' (compiling source file ..\..\src\bzflag\MySearchGraph.cpp)
  c:\users\slymongoose\desktop\bzflag-2.4.2\src\bzflag\mysearchgraph.cpp(45): note: see reference to function template instantiation 'void A_star_planner<myNode,double>::plan(void)' being compiled
c:\users\slymongoose\desktop\yagsbpl-master\yagsbpl-2.1\planners\a_star.cpp(322): warning C4018: '<': signed/unsigned mismatch (compiling source file ..\..\src\bzflag\MySearchGraph.cpp)
  c:\users\slymongoose\desktop\yagsbpl-master\yagsbpl-2.1\planners\a_star.cpp(319): note: while compiling class template member function 'std::vector<std::vector<NodeType,std::allocator<_Ty>>,std::allocator<std::vector<_Ty,std::allocator<_Ty>>>> A_star_planner<NodeType,double>::getPlannedPaths(void)'
          with
          [
              NodeType=myNode,
              _Ty=myNode
          ] (compiling source file ..\..\src\bzflag\MySearchGraph.cpp)
  c:\users\slymongoose\desktop\bzflag-2.4.2\src\bzflag\mysearchgraph.cpp(47): note: see reference to function template instantiation 'std::vector<std::vector<NodeType,std::allocator<_Ty>>,std::allocator<std::vector<_Ty,std::allocator<_Ty>>>> A_star_planner<NodeType,double>::getPlannedPaths(void)' being compiled
          with
          [
              NodeType=myNode,
              _Ty=myNode
          ]
c:\users\slymongoose\desktop\yagsbpl-master\yagsbpl-2.1\yagsbpl_base.cpp(281): warning C4018: '<': signed/unsigned mismatch (compiling source file ..\..\src\bzflag\MySearchGraph.cpp)
  c:\users\slymongoose\desktop\yagsbpl-master\yagsbpl-2.1\yagsbpl_base.cpp(277): note: while compiling class template member function 'SearchGraphNode<NodeType,CostType,A_star_variables<CostType>> *HashTableContainer<NodeType,CostType,PlannerSpecificVariables>::getNodeInHash(NodeType)'
          with
          [
              NodeType=myNode,
              CostType=double,
              PlannerSpecificVariables=A_star_variables<double>
          ] (compiling source file ..\..\src\bzflag\MySearchGraph.cpp)
  c:\users\slymongoose\desktop\yagsbpl-master\yagsbpl-2.1\planners\a_star.cpp(53): note: see reference to function template instantiation 'SearchGraphNode<NodeType,CostType,A_star_variables<CostType>> *HashTableContainer<NodeType,CostType,PlannerSpecificVariables>::getNodeInHash(NodeType)' being compiled
          with
          [
              NodeType=myNode,
              CostType=double,
              PlannerSpecificVariables=A_star_variables<double>
          ] (compiling source file ..\..\src\bzflag\MySearchGraph.cpp)
  c:\users\slymongoose\desktop\yagsbpl-master\yagsbpl-2.1\planners\a_star.cpp(32): note: while compiling class template member function 'void A_star_planner<myNode,double>::init(GenericSearchGraphDescriptor<myNode,double> *,bool)' (compiling source file ..\..\src\bzflag\MySearchGraph.cpp)
  c:\users\slymongoose\desktop\yagsbpl-master\yagsbpl-2.1\planners\a_star.h(103): note: see reference to function template instantiation 'void A_star_planner<myNode,double>::init(GenericSearchGraphDescriptor<myNode,double> *,bool)' being compiled (compiling source file ..\..\src\bzflag\MySearchGraph.cpp)
c:\users\slymongoose\desktop\yagsbpl-master\yagsbpl-2.1\yagsbpl_base.cpp(55): warning C4018: '<': signed/unsigned mismatch (compiling source file ..\..\src\bzflag\MySearchGraph.cpp)
  c:\users\slymongoose\desktop\yagsbpl-master\yagsbpl-2.1\yagsbpl_base.cpp(32): note: while compiling class template member function 'void HeapContainer<NodeType,CostType,PlannerSpecificVariables>::update(SearchGraphNode<NodeType,CostType,PlannerSpecificVariables> *,HeapContainer<NodeType,CostType,PlannerSpecificVariables>::BubbleDirection)'
          with
          [
              NodeType=myNode,
              CostType=double,
              PlannerSpecificVariables=A_star_variables<double>
          ] (compiling source file ..\..\src\bzflag\MySearchGraph.cpp)
  c:\users\slymongoose\desktop\yagsbpl-master\yagsbpl-2.1\planners\a_star.cpp(269): note: see reference to function template instantiation 'void HeapContainer<NodeType,CostType,PlannerSpecificVariables>::update(SearchGraphNode<NodeType,CostType,PlannerSpecificVariables> *,HeapContainer<NodeType,CostType,PlannerSpecificVariables>::BubbleDirection)' being compiled
          with
          [
              NodeType=myNode,
              CostType=double,
              PlannerSpecificVariables=A_star_variables<double>
          ] (compiling source file ..\..\src\bzflag\MySearchGraph.cpp)
c:\users\slymongoose\desktop\yagsbpl-master\yagsbpl-2.1\yagsbpl_base.cpp(57): warning C4018: '<': signed/unsigned mismatch (compiling source file ..\..\src\bzflag\MySearchGraph.cpp)
c:\users\slymongoose\desktop\yagsbpl-master\yagsbpl-2.1\yagsbpl_base.cpp(59): warning C4018: '<': signed/unsigned mismatch (compiling source file ..\..\src\bzflag\MySearchGraph.cpp)
  MainWindow.cxx
  motd.cxx
  Plan.cxx
  Region.cxx
  Roaming.cxx
  RoofTops.cxx
  ServerLink.cxx
  ServerListFilter.cxx
  ShotStatistics.cxx
  ShotStats.cxx
  ShotStatsDefaultKey.cxx
c:\users\slymongoose\desktop\bzflag-2.4.2\src\bzflag\serverlink.cxx(128): warning C4996: 'inet_ntoa': Use inet_ntop() or InetNtop() instead or define _WINSOCK_DEPRECATED_NO_WARNINGS to disable deprecated API warnings
  c:\program files (x86)\windows kits\8.1\include\um\winsock2.h(1868): note: see declaration of 'inet_ntoa'
  sound.cxx
c:\users\slymongoose\desktop\bzflag-2.4.2\src\bzflag\serverlistfilter.cxx(214): warning C4800: 'int': forcing value to bool 'true' or 'false' (performance warning)
c:\users\slymongoose\desktop\bzflag-2.4.2\src\bzflag\serverlistfilter.cxx(215): warning C4800: 'int': forcing value to bool 'true' or 'false' (performance warning)
c:\users\slymongoose\desktop\bzflag-2.4.2\src\bzflag\serverlistfilter.cxx(216): warning C4800: 'int': forcing value to bool 'true' or 'false' (performance warning)
c:\users\slymongoose\desktop\bzflag-2.4.2\src\bzflag\serverlistfilter.cxx(217): warning C4800: 'int': forcing value to bool 'true' or 'false' (performance warning)
c:\users\slymongoose\desktop\bzflag-2.4.2\src\bzflag\serverlistfilter.cxx(218): warning C4800: 'int': forcing value to bool 'true' or 'false' (performance warning)
c:\users\slymongoose\desktop\bzflag-2.4.2\src\bzflag\serverlistfilter.cxx(457): warning C4800: 'int': forcing value to bool 'true' or 'false' (performance warning)
  TargetingUtils.cxx
  TrackMarks.cxx
  Weapon.cxx
  BackgroundRenderer.cxx
  ControlPanel.cxx
  daylight.cxx
  effectsRenderer.cxx
  HUDDialog.cxx
  HUDRenderer.cxx
  HUDui.cxx
  HUDuiControl.cxx
  HUDuiDefaultKey.cxx
  HUDuiLabel.cxx
  HUDuiList.cxx
  HUDuiTextureLabel.cxx
  HUDuiTypeIn.cxx
  RadarRenderer.cxx
  SceneBuilder.cxx
  SceneRenderer.cxx
  ScoreboardRenderer.cxx
  stars.cxx
  WeatherRenderer.cxx
  BaseLocalPlayer.cxx
  ComposeDefaultKey.cxx
  LocalPlayer.cxx
  Player.cxx
  playing.cxx
  RegionPriorityQueue.cxx
  RemotePlayer.cxx
  RobotPlayer.cxx
  Roster.cxx
  ServerCommandKey.cxx
  SilenceDefaultKey.cxx
  World.cxx
  WorldBuilder.cxx
  WorldPlayer.cxx
  GuidedMissleStrategy.cxx
  SegmentedShotStrategy.cxx
  ShockWaveStrategy.cxx
  ShotPath.cxx
c:\users\slymongoose\desktop\bzflag-2.4.2\src\bzflag\servercommandkey.cxx(181): warning C4996: 'inet_ntoa': Use inet_ntop() or InetNtop() instead or define _WINSOCK_DEPRECATED_NO_WARNINGS to disable deprecated API warnings
  c:\program files (x86)\windows kits\8.1\include\um\winsock2.h(1868): note: see declaration of 'inet_ntoa'
c:\users\slymongoose\desktop\bzflag-2.4.2\src\bzflag\robotplayer.cxx(446): warning C4800: 'const Obstacle *': forcing value to bool 'true' or 'false' (performance warning)
c:\users\slymongoose\desktop\bzflag-2.4.2\src\bzflag\robotplayer.cxx(892): warning C4244: '=': conversion from 'double' to 'float', possible loss of data
c:\users\slymongoose\desktop\bzflag-2.4.2\src\bzflag\robotplayer.cxx(893): warning C4244: '=': conversion from 'double' to 'float', possible loss of data
c:\users\slymongoose\desktop\yagsbpl-master\yagsbpl-2.1\yagsbpl_base.h(235): warning C4018: '<': signed/unsigned mismatch (compiling source file ..\..\src\bzflag\RobotPlayer.cxx)
  c:\users\slymongoose\desktop\yagsbpl-master\yagsbpl-2.1\yagsbpl_base.h(231): note: while compiling class template member function 'HashTableContainer<NodeType,CostType,PlannerSpecificVariables>::~HashTableContainer(void)'
          with
          [
              NodeType=AStarNode,
              CostType=double,
              PlannerSpecificVariables=A_star_variables<double>
          ] (compiling source file ..\..\src\bzflag\RobotPlayer.cxx)
  c:\users\slymongoose\desktop\bzflag-2.4.2\src\bzflag\robotplayer.cxx(1150): note: see reference to function template instantiation 'HashTableContainer<NodeType,CostType,PlannerSpecificVariables>::~HashTableContainer(void)' being compiled
          with
          [
              NodeType=AStarNode,
              CostType=double,
              PlannerSpecificVariables=A_star_variables<double>
          ]
  c:\users\slymongoose\desktop\yagsbpl-master\yagsbpl-2.1\yagsbpl_base.h(255): note: see reference to class template instantiation 'HashTableContainer<NodeType,CostType,PlannerSpecificVariables>' being compiled
          with
          [
              NodeType=AStarNode,
              CostType=double,
              PlannerSpecificVariables=A_star_variables<double>
          ] (compiling source file ..\..\src\bzflag\RobotPlayer.cxx)
  c:\users\slymongoose\desktop\yagsbpl-master\yagsbpl-2.1\yagsbpl_base.h(255): note: while compiling class template member function 'GenericPlanner<NodeType,CostType,A_star_variables<CostType>>::~GenericPlanner(void)'
          with
          [
              NodeType=AStarNode,
              CostType=double
          ] (compiling source file ..\..\src\bzflag\RobotPlayer.cxx)
  c:\users\slymongoose\desktop\bzflag-2.4.2\src\bzflag\robotplayer.cxx(1139): note: see reference to function template instantiation 'GenericPlanner<NodeType,CostType,A_star_variables<CostType>>::~GenericPlanner(void)' being compiled
          with
          [
              NodeType=AStarNode,
              CostType=double
          ]
  c:\users\slymongoose\desktop\yagsbpl-master\yagsbpl-2.1\planners\a_star.h(67): note: see reference to class template instantiation 'GenericPlanner<NodeType,CostType,A_star_variables<CostType>>' being compiled
          with
          [
              NodeType=AStarNode,
              CostType=double
          ] (compiling source file ..\..\src\bzflag\RobotPlayer.cxx)
  c:\users\slymongoose\desktop\bzflag-2.4.2\src\bzflag\robotplayer.cxx(1116): note: see reference to class template instantiation 'A_star_planner<AStarNode,double>' being compiled
c:\users\slymongoose\desktop\bzflag-2.4.2\src\bzflag\playing.cxx(1571): warning C4244: 'initializing': conversion from 'std::streamoff' to 'unsigned long', possible loss of data
c:\users\slymongoose\desktop\bzflag-2.4.2\src\bzflag\playing.cxx(7330): warning C4996: 'GetVersionExA': was declared deprecated
  c:\program files (x86)\windows kits\8.1\include\um\sysinfoapi.h(433): note: see declaration of 'GetVersionExA'
c:\users\slymongoose\desktop\yagsbpl-master\yagsbpl-2.1\planners\a_star.cpp(50): warning C4018: '<': signed/unsigned mismatch (compiling source file ..\..\src\bzflag\RobotPlayer.cxx)
  c:\users\slymongoose\desktop\yagsbpl-master\yagsbpl-2.1\planners\a_star.cpp(32): note: while compiling class template member function 'void A_star_planner<AStarNode,double>::init(GenericSearchGraphDescriptor<AStarNode,double> *,bool)' (compiling source file ..\..\src\bzflag\RobotPlayer.cxx)
  c:\users\slymongoose\desktop\bzflag-2.4.2\src\bzflag\robotplayer.cxx(1118): note: see reference to function template instantiation 'void A_star_planner<AStarNode,double>::init(GenericSearchGraphDescriptor<AStarNode,double> *,bool)' being compiled
c:\users\slymongoose\desktop\yagsbpl-master\yagsbpl-2.1\planners\a_star.cpp(201): warning C4018: '<': signed/unsigned mismatch (compiling source file ..\..\src\bzflag\RobotPlayer.cxx)
  c:\users\slymongoose\desktop\yagsbpl-master\yagsbpl-2.1\planners\a_star.cpp(124): note: while compiling class template member function 'void A_star_planner<AStarNode,double>::plan(void)' (compiling source file ..\..\src\bzflag\RobotPlayer.cxx)
  c:\users\slymongoose\desktop\bzflag-2.4.2\src\bzflag\robotplayer.cxx(1119): note: see reference to function template instantiation 'void A_star_planner<AStarNode,double>::plan(void)' being compiled
c:\users\slymongoose\desktop\yagsbpl-master\yagsbpl-2.1\planners\a_star.cpp(322): warning C4018: '<': signed/unsigned mismatch (compiling source file ..\..\src\bzflag\RobotPlayer.cxx)
  c:\users\slymongoose\desktop\yagsbpl-master\yagsbpl-2.1\planners\a_star.cpp(319): note: while compiling class template member function 'std::vector<std::vector<NodeType,std::allocator<_Ty>>,std::allocator<std::vector<_Ty,std::allocator<_Ty>>>> A_star_planner<NodeType,double>::getPlannedPaths(void)'
          with
          [
              NodeType=AStarNode,
              _Ty=AStarNode
          ] (compiling source file ..\..\src\bzflag\RobotPlayer.cxx)
  c:\users\slymongoose\desktop\bzflag-2.4.2\src\bzflag\robotplayer.cxx(1121): note: see reference to function template instantiation 'std::vector<std::vector<NodeType,std::allocator<_Ty>>,std::allocator<std::vector<_Ty,std::allocator<_Ty>>>> A_star_planner<NodeType,double>::getPlannedPaths(void)' being compiled
          with
          [
              NodeType=AStarNode,
              _Ty=AStarNode
          ]
c:\users\slymongoose\desktop\yagsbpl-master\yagsbpl-2.1\yagsbpl_base.cpp(281): warning C4018: '<': signed/unsigned mismatch (compiling source file ..\..\src\bzflag\RobotPlayer.cxx)
  c:\users\slymongoose\desktop\yagsbpl-master\yagsbpl-2.1\yagsbpl_base.cpp(277): note: while compiling class template member function 'SearchGraphNode<NodeType,CostType,A_star_variables<CostType>> *HashTableContainer<NodeType,CostType,PlannerSpecificVariables>::getNodeInHash(NodeType)'
          with
          [
              NodeType=AStarNode,
              CostType=double,
              PlannerSpecificVariables=A_star_variables<double>
          ] (compiling source file ..\..\src\bzflag\RobotPlayer.cxx)
  c:\users\slymongoose\desktop\yagsbpl-master\yagsbpl-2.1\planners\a_star.cpp(53): note: see reference to function template instantiation 'SearchGraphNode<NodeType,CostType,A_star_variables<CostType>> *HashTableContainer<NodeType,CostType,PlannerSpecificVariables>::getNodeInHash(NodeType)' being compiled
          with
          [
              NodeType=AStarNode,
              CostType=double,
              PlannerSpecificVariables=A_star_variables<double>
          ] (compiling source file ..\..\src\bzflag\RobotPlayer.cxx)
  c:\users\slymongoose\desktop\yagsbpl-master\yagsbpl-2.1\planners\a_star.cpp(32): note: while compiling class template member function 'void A_star_planner<AStarNode,double>::init(GenericSearchGraphDescriptor<AStarNode,double> *,bool)' (compiling source file ..\..\src\bzflag\RobotPlayer.cxx)
  c:\users\slymongoose\desktop\bzflag-2.4.2\src\bzflag\robotplayer.cxx(1118): note: see reference to function template instantiation 'void A_star_planner<AStarNode,double>::init(GenericSearchGraphDescriptor<AStarNode,double> *,bool)' being compiled
c:\users\slymongoose\desktop\yagsbpl-master\yagsbpl-2.1\yagsbpl_base.cpp(55): warning C4018: '<': signed/unsigned mismatch (compiling source file ..\..\src\bzflag\RobotPlayer.cxx)
  c:\users\slymongoose\desktop\yagsbpl-master\yagsbpl-2.1\yagsbpl_base.cpp(32): note: while compiling class template member function 'void HeapContainer<NodeType,CostType,PlannerSpecificVariables>::update(SearchGraphNode<NodeType,CostType,PlannerSpecificVariables> *,HeapContainer<NodeType,CostType,PlannerSpecificVariables>::BubbleDirection)'
          with
          [
              NodeType=AStarNode,
              CostType=double,
              PlannerSpecificVariables=A_star_variables<double>
          ] (compiling source file ..\..\src\bzflag\RobotPlayer.cxx)
  c:\users\slymongoose\desktop\yagsbpl-master\yagsbpl-2.1\planners\a_star.cpp(269): note: see reference to function template instantiation 'void HeapContainer<NodeType,CostType,PlannerSpecificVariables>::update(SearchGraphNode<NodeType,CostType,PlannerSpecificVariables> *,HeapContainer<NodeType,CostType,PlannerSpecificVariables>::BubbleDirection)' being compiled
          with
          [
              NodeType=AStarNode,
              CostType=double,
              PlannerSpecificVariables=A_star_variables<double>
          ] (compiling source file ..\..\src\bzflag\RobotPlayer.cxx)
c:\users\slymongoose\desktop\yagsbpl-master\yagsbpl-2.1\yagsbpl_base.cpp(57): warning C4018: '<': signed/unsigned mismatch (compiling source file ..\..\src\bzflag\RobotPlayer.cxx)
c:\users\slymongoose\desktop\yagsbpl-master\yagsbpl-2.1\yagsbpl_base.cpp(59): warning C4018: '<': signed/unsigned mismatch (compiling source file ..\..\src\bzflag\RobotPlayer.cxx)
  ShotPathSegment.cxx
  ShotStrategy.cxx
  AudioMenu.cxx
  CacheMenu.cxx
  DisplayMenu.cxx
  EffectsMenu.cxx
  FormatMenu.cxx
  GUIOptionsMenu.cxx
  HelpMenu.cxx
  HUDDialogStack.cxx
  InputMenu.cxx
  JoinMenu.cxx
  KeyboardMapMenu.cxx
  MainMenu.cxx
  MenuDefaultKey.cxx
  NewVersionMenu.cxx
  OptionsMenu.cxx
  QuickKeysMenu.cxx
  QuitMenu.cxx
  SaveWorldMenu.cxx
  ServerMenu.cxx
  ServerStartMenu.cxx
  defaultBZDB.cxx
  clientConfig.cxx
  glew.c
ActionBinding.obj : warning LNK4075: ignoring '/EDITANDCONTINUE' due to '/SAFESEH' specification
  bzflag.vcxproj -> C:\Users\SlyMongoose\Desktop\bzflag-2.4.2\MSVC\build\bzflag_Win32_Debug\bzflag.exe
  A subdirectory or file ..\..\bin_Win32 already exists.
  bzflag_Win32_Debug\bzflag.exe
          1 file(s) copied.
