c:\users\slymongoose\desktop\bzflag-2.4.2\msvc\build\game_win32_debug\game.pdb
c:\users\slymongoose\desktop\bzflag-2.4.2\msvc\build\game_win32_debug\game.idb
c:\users\slymongoose\desktop\bzflag-2.4.2\msvc\build\game_win32_debug\cachemanager.obj
c:\users\slymongoose\desktop\bzflag-2.4.2\msvc\build\game_win32_debug\collisionmanager.obj
c:\users\slymongoose\desktop\bzflag-2.4.2\msvc\build\game_win32_debug\commandsstandard.obj
c:\users\slymongoose\desktop\bzflag-2.4.2\msvc\build\game_win32_debug\directorynames.obj
c:\users\slymongoose\desktop\bzflag-2.4.2\msvc\build\game_win32_debug\dynamiccolor.obj
c:\users\slymongoose\desktop\bzflag-2.4.2\msvc\build\game_win32_debug\frustum.obj
c:\users\slymongoose\desktop\bzflag-2.4.2\msvc\build\game_win32_debug\intersect.obj
c:\users\slymongoose\desktop\bzflag-2.4.2\msvc\build\game_win32_debug\laginfo.obj
c:\users\slymongoose\desktop\bzflag-2.4.2\msvc\build\game_win32_debug\linkmanager.obj
c:\users\slymongoose\desktop\bzflag-2.4.2\msvc\build\game_win32_debug\meshtransform.obj
c:\users\slymongoose\desktop\bzflag-2.4.2\msvc\build\game_win32_debug\nethandler.obj
c:\users\slymongoose\desktop\bzflag-2.4.2\msvc\build\game_win32_debug\physicsdriver.obj
c:\users\slymongoose\desktop\bzflag-2.4.2\msvc\build\game_win32_debug\playerinfo.obj
c:\users\slymongoose\desktop\bzflag-2.4.2\msvc\build\game_win32_debug\ray.obj
c:\users\slymongoose\desktop\bzflag-2.4.2\msvc\build\game_win32_debug\serveritem.obj
c:\users\slymongoose\desktop\bzflag-2.4.2\msvc\build\game_win32_debug\serverlist.obj
c:\users\slymongoose\desktop\bzflag-2.4.2\msvc\build\game_win32_debug\serverlistcache.obj
c:\users\slymongoose\desktop\bzflag-2.4.2\msvc\build\game_win32_debug\startupinfo.obj
c:\users\slymongoose\desktop\bzflag-2.4.2\msvc\build\game_win32_debug\texturematrix.obj
c:\users\slymongoose\desktop\bzflag-2.4.2\msvc\build\game_win32_debug\votingarbiter.obj
c:\users\slymongoose\desktop\bzflag-2.4.2\msvc\build\game_win32_debug\bzmaterial.obj
c:\users\slymongoose\desktop\bzflag-2.4.2\msvc\build\game_win32_debug\game.lib
c:\users\slymongoose\desktop\bzflag-2.4.2\msvc\build\./game_win32_debug\game.lib
c:\users\slymongoose\desktop\bzflag-2.4.2\msvc\build\game_win32_debug\game.tlog\cl.command.1.tlog
c:\users\slymongoose\desktop\bzflag-2.4.2\msvc\build\game_win32_debug\game.tlog\cl.read.1.tlog
c:\users\slymongoose\desktop\bzflag-2.4.2\msvc\build\game_win32_debug\game.tlog\cl.write.1.tlog
c:\users\slymongoose\desktop\bzflag-2.4.2\msvc\build\game_win32_debug\game.tlog\lib-link.read.1.tlog
c:\users\slymongoose\desktop\bzflag-2.4.2\msvc\build\game_win32_debug\game.tlog\lib-link.write.1.tlog
c:\users\slymongoose\desktop\bzflag-2.4.2\msvc\build\game_win32_debug\game.tlog\lib.command.1.tlog
