c:\users\slymongoose\desktop\bzflag-2.4.2\msvc\build\libcurl_win32_debug\libcurl.bsc
c:\users\slymongoose\desktop\bzflag-2.4.2\msvc\build\libcurl_win32_debug\vc140.pdb
c:\users\slymongoose\desktop\bzflag-2.4.2\msvc\build\libcurl_win32_debug\vc140.idb
c:\users\slymongoose\desktop\bzflag-2.4.2\msvc\build\libcurl_win32_debug\base64.sbr
c:\users\slymongoose\desktop\bzflag-2.4.2\msvc\build\libcurl_win32_debug\connect.sbr
c:\users\slymongoose\desktop\bzflag-2.4.2\msvc\build\libcurl_win32_debug\content_encoding.sbr
c:\users\slymongoose\desktop\bzflag-2.4.2\msvc\build\libcurl_win32_debug\cookie.sbr
c:\users\slymongoose\desktop\bzflag-2.4.2\msvc\build\libcurl_win32_debug\curl_addrinfo.sbr
c:\users\slymongoose\desktop\bzflag-2.4.2\msvc\build\libcurl_win32_debug\curl_memrchr.sbr
c:\users\slymongoose\desktop\bzflag-2.4.2\msvc\build\libcurl_win32_debug\curl_rand.sbr
c:\users\slymongoose\desktop\bzflag-2.4.2\msvc\build\libcurl_win32_debug\curl_sspi.sbr
c:\users\slymongoose\desktop\bzflag-2.4.2\msvc\build\libcurl_win32_debug\curl_threads.sbr
c:\users\slymongoose\desktop\bzflag-2.4.2\msvc\build\libcurl_win32_debug\dict.sbr
c:\users\slymongoose\desktop\bzflag-2.4.2\msvc\build\libcurl_win32_debug\easy.sbr
c:\users\slymongoose\desktop\bzflag-2.4.2\msvc\build\libcurl_win32_debug\escape.sbr
c:\users\slymongoose\desktop\bzflag-2.4.2\msvc\build\libcurl_win32_debug\file.sbr
c:\users\slymongoose\desktop\bzflag-2.4.2\msvc\build\libcurl_win32_debug\formdata.sbr
c:\users\slymongoose\desktop\bzflag-2.4.2\msvc\build\libcurl_win32_debug\ftp.sbr
c:\users\slymongoose\desktop\bzflag-2.4.2\msvc\build\libcurl_win32_debug\getenv.sbr
c:\users\slymongoose\desktop\bzflag-2.4.2\msvc\build\libcurl_win32_debug\getinfo.sbr
c:\users\slymongoose\desktop\bzflag-2.4.2\msvc\build\libcurl_win32_debug\gtls.sbr
c:\users\slymongoose\desktop\bzflag-2.4.2\msvc\build\libcurl_win32_debug\hash.sbr
c:\users\slymongoose\desktop\bzflag-2.4.2\msvc\build\libcurl_win32_debug\hostares.sbr
c:\users\slymongoose\desktop\bzflag-2.4.2\msvc\build\libcurl_win32_debug\hostares.obj
c:\users\slymongoose\desktop\bzflag-2.4.2\msvc\build\libcurl_win32_debug\hash.obj
c:\users\slymongoose\desktop\bzflag-2.4.2\msvc\build\libcurl_win32_debug\gtls.obj
c:\users\slymongoose\desktop\bzflag-2.4.2\msvc\build\libcurl_win32_debug\getinfo.obj
c:\users\slymongoose\desktop\bzflag-2.4.2\msvc\build\libcurl_win32_debug\getenv.obj
c:\users\slymongoose\desktop\bzflag-2.4.2\msvc\build\libcurl_win32_debug\ftp.obj
c:\users\slymongoose\desktop\bzflag-2.4.2\msvc\build\libcurl_win32_debug\formdata.obj
c:\users\slymongoose\desktop\bzflag-2.4.2\msvc\build\libcurl_win32_debug\file.obj
c:\users\slymongoose\desktop\bzflag-2.4.2\msvc\build\libcurl_win32_debug\escape.obj
c:\users\slymongoose\desktop\bzflag-2.4.2\msvc\build\libcurl_win32_debug\easy.obj
c:\users\slymongoose\desktop\bzflag-2.4.2\msvc\build\libcurl_win32_debug\dict.obj
c:\users\slymongoose\desktop\bzflag-2.4.2\msvc\build\libcurl_win32_debug\curl_threads.obj
c:\users\slymongoose\desktop\bzflag-2.4.2\msvc\build\libcurl_win32_debug\curl_sspi.obj
c:\users\slymongoose\desktop\bzflag-2.4.2\msvc\build\libcurl_win32_debug\curl_rand.obj
c:\users\slymongoose\desktop\bzflag-2.4.2\msvc\build\libcurl_win32_debug\curl_memrchr.obj
c:\users\slymongoose\desktop\bzflag-2.4.2\msvc\build\libcurl_win32_debug\curl_addrinfo.obj
c:\users\slymongoose\desktop\bzflag-2.4.2\msvc\build\libcurl_win32_debug\cookie.obj
c:\users\slymongoose\desktop\bzflag-2.4.2\msvc\build\libcurl_win32_debug\content_encoding.obj
c:\users\slymongoose\desktop\bzflag-2.4.2\msvc\build\libcurl_win32_debug\connect.obj
c:\users\slymongoose\desktop\bzflag-2.4.2\msvc\build\libcurl_win32_debug\base64.obj
c:\users\slymongoose\desktop\bzflag-2.4.2\msvc\build\libcurl_win32_debug\hostasyn.sbr
c:\users\slymongoose\desktop\bzflag-2.4.2\msvc\build\libcurl_win32_debug\hostip.sbr
c:\users\slymongoose\desktop\bzflag-2.4.2\msvc\build\libcurl_win32_debug\hostip4.sbr
c:\users\slymongoose\desktop\bzflag-2.4.2\msvc\build\libcurl_win32_debug\hostip6.sbr
c:\users\slymongoose\desktop\bzflag-2.4.2\msvc\build\libcurl_win32_debug\hostsyn.sbr
c:\users\slymongoose\desktop\bzflag-2.4.2\msvc\build\libcurl_win32_debug\hostthre.sbr
c:\users\slymongoose\desktop\bzflag-2.4.2\msvc\build\libcurl_win32_debug\http.sbr
c:\users\slymongoose\desktop\bzflag-2.4.2\msvc\build\libcurl_win32_debug\http_chunks.sbr
c:\users\slymongoose\desktop\bzflag-2.4.2\msvc\build\libcurl_win32_debug\http_digest.sbr
c:\users\slymongoose\desktop\bzflag-2.4.2\msvc\build\libcurl_win32_debug\http_negotiate.sbr
c:\users\slymongoose\desktop\bzflag-2.4.2\msvc\build\libcurl_win32_debug\http_ntlm.sbr
c:\users\slymongoose\desktop\bzflag-2.4.2\msvc\build\libcurl_win32_debug\if2ip.sbr
c:\users\slymongoose\desktop\bzflag-2.4.2\msvc\build\libcurl_win32_debug\imap.sbr
c:\users\slymongoose\desktop\bzflag-2.4.2\msvc\build\libcurl_win32_debug\inet_ntop.sbr
c:\users\slymongoose\desktop\bzflag-2.4.2\msvc\build\libcurl_win32_debug\inet_pton.sbr
c:\users\slymongoose\desktop\bzflag-2.4.2\msvc\build\libcurl_win32_debug\krb4.sbr
c:\users\slymongoose\desktop\bzflag-2.4.2\msvc\build\libcurl_win32_debug\krb5.sbr
c:\users\slymongoose\desktop\bzflag-2.4.2\msvc\build\libcurl_win32_debug\ldap.sbr
c:\users\slymongoose\desktop\bzflag-2.4.2\msvc\build\libcurl_win32_debug\llist.sbr
c:\users\slymongoose\desktop\bzflag-2.4.2\msvc\build\libcurl_win32_debug\md5.sbr
c:\users\slymongoose\desktop\bzflag-2.4.2\msvc\build\libcurl_win32_debug\md5.obj
c:\users\slymongoose\desktop\bzflag-2.4.2\msvc\build\libcurl_win32_debug\llist.obj
c:\users\slymongoose\desktop\bzflag-2.4.2\msvc\build\libcurl_win32_debug\ldap.obj
c:\users\slymongoose\desktop\bzflag-2.4.2\msvc\build\libcurl_win32_debug\krb5.obj
c:\users\slymongoose\desktop\bzflag-2.4.2\msvc\build\libcurl_win32_debug\krb4.obj
c:\users\slymongoose\desktop\bzflag-2.4.2\msvc\build\libcurl_win32_debug\inet_pton.obj
c:\users\slymongoose\desktop\bzflag-2.4.2\msvc\build\libcurl_win32_debug\inet_ntop.obj
c:\users\slymongoose\desktop\bzflag-2.4.2\msvc\build\libcurl_win32_debug\imap.obj
c:\users\slymongoose\desktop\bzflag-2.4.2\msvc\build\libcurl_win32_debug\if2ip.obj
c:\users\slymongoose\desktop\bzflag-2.4.2\msvc\build\libcurl_win32_debug\http_ntlm.obj
c:\users\slymongoose\desktop\bzflag-2.4.2\msvc\build\libcurl_win32_debug\http_negotiate.obj
c:\users\slymongoose\desktop\bzflag-2.4.2\msvc\build\libcurl_win32_debug\http_digest.obj
c:\users\slymongoose\desktop\bzflag-2.4.2\msvc\build\libcurl_win32_debug\http_chunks.obj
c:\users\slymongoose\desktop\bzflag-2.4.2\msvc\build\libcurl_win32_debug\http.obj
c:\users\slymongoose\desktop\bzflag-2.4.2\msvc\build\libcurl_win32_debug\hostthre.obj
c:\users\slymongoose\desktop\bzflag-2.4.2\msvc\build\libcurl_win32_debug\hostsyn.obj
c:\users\slymongoose\desktop\bzflag-2.4.2\msvc\build\libcurl_win32_debug\hostip6.obj
c:\users\slymongoose\desktop\bzflag-2.4.2\msvc\build\libcurl_win32_debug\hostip4.obj
c:\users\slymongoose\desktop\bzflag-2.4.2\msvc\build\libcurl_win32_debug\hostip.obj
c:\users\slymongoose\desktop\bzflag-2.4.2\msvc\build\libcurl_win32_debug\hostasyn.obj
c:\users\slymongoose\desktop\bzflag-2.4.2\msvc\build\libcurl_win32_debug\memdebug.sbr
c:\users\slymongoose\desktop\bzflag-2.4.2\msvc\build\libcurl_win32_debug\mprintf.sbr
c:\users\slymongoose\desktop\bzflag-2.4.2\msvc\build\libcurl_win32_debug\multi.sbr
c:\users\slymongoose\desktop\bzflag-2.4.2\msvc\build\libcurl_win32_debug\netrc.sbr
c:\users\slymongoose\desktop\bzflag-2.4.2\msvc\build\libcurl_win32_debug\nonblock.sbr
c:\users\slymongoose\desktop\bzflag-2.4.2\msvc\build\libcurl_win32_debug\nss.sbr
c:\users\slymongoose\desktop\bzflag-2.4.2\msvc\build\libcurl_win32_debug\nwlib.sbr
c:\users\slymongoose\desktop\bzflag-2.4.2\msvc\build\libcurl_win32_debug\nwos.sbr
c:\users\slymongoose\desktop\bzflag-2.4.2\msvc\build\libcurl_win32_debug\os-specific.sbr
c:\users\slymongoose\desktop\bzflag-2.4.2\msvc\build\libcurl_win32_debug\parsedate.sbr
c:\users\slymongoose\desktop\bzflag-2.4.2\msvc\build\libcurl_win32_debug\pingpong.sbr
c:\users\slymongoose\desktop\bzflag-2.4.2\msvc\build\libcurl_win32_debug\pop3.sbr
c:\users\slymongoose\desktop\bzflag-2.4.2\msvc\build\libcurl_win32_debug\progress.sbr
c:\users\slymongoose\desktop\bzflag-2.4.2\msvc\build\libcurl_win32_debug\qssl.sbr
c:\users\slymongoose\desktop\bzflag-2.4.2\msvc\build\libcurl_win32_debug\rawstr.sbr
c:\users\slymongoose\desktop\bzflag-2.4.2\msvc\build\libcurl_win32_debug\rtsp.sbr
c:\users\slymongoose\desktop\bzflag-2.4.2\msvc\build\libcurl_win32_debug\security.sbr
c:\users\slymongoose\desktop\bzflag-2.4.2\msvc\build\libcurl_win32_debug\select.sbr
c:\users\slymongoose\desktop\bzflag-2.4.2\msvc\build\libcurl_win32_debug\sendf.sbr
c:\users\slymongoose\desktop\bzflag-2.4.2\msvc\build\libcurl_win32_debug\share.sbr
c:\users\slymongoose\desktop\bzflag-2.4.2\msvc\build\libcurl_win32_debug\share.obj
c:\users\slymongoose\desktop\bzflag-2.4.2\msvc\build\libcurl_win32_debug\sendf.obj
c:\users\slymongoose\desktop\bzflag-2.4.2\msvc\build\libcurl_win32_debug\select.obj
c:\users\slymongoose\desktop\bzflag-2.4.2\msvc\build\libcurl_win32_debug\security.obj
c:\users\slymongoose\desktop\bzflag-2.4.2\msvc\build\libcurl_win32_debug\rtsp.obj
c:\users\slymongoose\desktop\bzflag-2.4.2\msvc\build\libcurl_win32_debug\rawstr.obj
c:\users\slymongoose\desktop\bzflag-2.4.2\msvc\build\libcurl_win32_debug\qssl.obj
c:\users\slymongoose\desktop\bzflag-2.4.2\msvc\build\libcurl_win32_debug\progress.obj
c:\users\slymongoose\desktop\bzflag-2.4.2\msvc\build\libcurl_win32_debug\pop3.obj
c:\users\slymongoose\desktop\bzflag-2.4.2\msvc\build\libcurl_win32_debug\pingpong.obj
c:\users\slymongoose\desktop\bzflag-2.4.2\msvc\build\libcurl_win32_debug\parsedate.obj
c:\users\slymongoose\desktop\bzflag-2.4.2\msvc\build\libcurl_win32_debug\os-specific.obj
c:\users\slymongoose\desktop\bzflag-2.4.2\msvc\build\libcurl_win32_debug\nwos.obj
c:\users\slymongoose\desktop\bzflag-2.4.2\msvc\build\libcurl_win32_debug\nwlib.obj
c:\users\slymongoose\desktop\bzflag-2.4.2\msvc\build\libcurl_win32_debug\nss.obj
c:\users\slymongoose\desktop\bzflag-2.4.2\msvc\build\libcurl_win32_debug\nonblock.obj
c:\users\slymongoose\desktop\bzflag-2.4.2\msvc\build\libcurl_win32_debug\netrc.obj
c:\users\slymongoose\desktop\bzflag-2.4.2\msvc\build\libcurl_win32_debug\multi.obj
c:\users\slymongoose\desktop\bzflag-2.4.2\msvc\build\libcurl_win32_debug\mprintf.obj
c:\users\slymongoose\desktop\bzflag-2.4.2\msvc\build\libcurl_win32_debug\memdebug.obj
c:\users\slymongoose\desktop\bzflag-2.4.2\msvc\build\libcurl_win32_debug\slist.sbr
c:\users\slymongoose\desktop\bzflag-2.4.2\msvc\build\libcurl_win32_debug\smtp.sbr
c:\users\slymongoose\desktop\bzflag-2.4.2\msvc\build\libcurl_win32_debug\socks.sbr
c:\users\slymongoose\desktop\bzflag-2.4.2\msvc\build\libcurl_win32_debug\socks_gssapi.sbr
c:\users\slymongoose\desktop\bzflag-2.4.2\msvc\build\libcurl_win32_debug\socks_sspi.sbr
c:\users\slymongoose\desktop\bzflag-2.4.2\msvc\build\libcurl_win32_debug\speedcheck.sbr
c:\users\slymongoose\desktop\bzflag-2.4.2\msvc\build\libcurl_win32_debug\splay.sbr
c:\users\slymongoose\desktop\bzflag-2.4.2\msvc\build\libcurl_win32_debug\ssh.sbr
c:\users\slymongoose\desktop\bzflag-2.4.2\msvc\build\libcurl_win32_debug\sslgen.sbr
c:\users\slymongoose\desktop\bzflag-2.4.2\msvc\build\libcurl_win32_debug\ssluse.sbr
c:\users\slymongoose\desktop\bzflag-2.4.2\msvc\build\libcurl_win32_debug\strdup.sbr
c:\users\slymongoose\desktop\bzflag-2.4.2\msvc\build\libcurl_win32_debug\strequal.sbr
c:\users\slymongoose\desktop\bzflag-2.4.2\msvc\build\libcurl_win32_debug\strerror.sbr
c:\users\slymongoose\desktop\bzflag-2.4.2\msvc\build\libcurl_win32_debug\strtok.sbr
c:\users\slymongoose\desktop\bzflag-2.4.2\msvc\build\libcurl_win32_debug\strtoofft.sbr
c:\users\slymongoose\desktop\bzflag-2.4.2\msvc\build\libcurl_win32_debug\telnet.sbr
c:\users\slymongoose\desktop\bzflag-2.4.2\msvc\build\libcurl_win32_debug\tftp.sbr
c:\users\slymongoose\desktop\bzflag-2.4.2\msvc\build\libcurl_win32_debug\timeval.sbr
c:\users\slymongoose\desktop\bzflag-2.4.2\msvc\build\libcurl_win32_debug\transfer.sbr
c:\users\slymongoose\desktop\bzflag-2.4.2\msvc\build\libcurl_win32_debug\url.sbr
c:\users\slymongoose\desktop\bzflag-2.4.2\msvc\build\libcurl_win32_debug\url.obj
c:\users\slymongoose\desktop\bzflag-2.4.2\msvc\build\libcurl_win32_debug\transfer.obj
c:\users\slymongoose\desktop\bzflag-2.4.2\msvc\build\libcurl_win32_debug\timeval.obj
c:\users\slymongoose\desktop\bzflag-2.4.2\msvc\build\libcurl_win32_debug\tftp.obj
c:\users\slymongoose\desktop\bzflag-2.4.2\msvc\build\libcurl_win32_debug\telnet.obj
c:\users\slymongoose\desktop\bzflag-2.4.2\msvc\build\libcurl_win32_debug\strtoofft.obj
c:\users\slymongoose\desktop\bzflag-2.4.2\msvc\build\libcurl_win32_debug\strtok.obj
c:\users\slymongoose\desktop\bzflag-2.4.2\msvc\build\libcurl_win32_debug\strerror.obj
c:\users\slymongoose\desktop\bzflag-2.4.2\msvc\build\libcurl_win32_debug\strequal.obj
c:\users\slymongoose\desktop\bzflag-2.4.2\msvc\build\libcurl_win32_debug\strdup.obj
c:\users\slymongoose\desktop\bzflag-2.4.2\msvc\build\libcurl_win32_debug\ssluse.obj
c:\users\slymongoose\desktop\bzflag-2.4.2\msvc\build\libcurl_win32_debug\sslgen.obj
c:\users\slymongoose\desktop\bzflag-2.4.2\msvc\build\libcurl_win32_debug\ssh.obj
c:\users\slymongoose\desktop\bzflag-2.4.2\msvc\build\libcurl_win32_debug\splay.obj
c:\users\slymongoose\desktop\bzflag-2.4.2\msvc\build\libcurl_win32_debug\speedcheck.obj
c:\users\slymongoose\desktop\bzflag-2.4.2\msvc\build\libcurl_win32_debug\socks_sspi.obj
c:\users\slymongoose\desktop\bzflag-2.4.2\msvc\build\libcurl_win32_debug\socks_gssapi.obj
c:\users\slymongoose\desktop\bzflag-2.4.2\msvc\build\libcurl_win32_debug\socks.obj
c:\users\slymongoose\desktop\bzflag-2.4.2\msvc\build\libcurl_win32_debug\smtp.obj
c:\users\slymongoose\desktop\bzflag-2.4.2\msvc\build\libcurl_win32_debug\slist.obj
c:\users\slymongoose\desktop\bzflag-2.4.2\msvc\build\libcurl_win32_debug\version.sbr
c:\users\slymongoose\desktop\bzflag-2.4.2\msvc\build\libcurl_win32_debug\warnless.sbr
c:\users\slymongoose\desktop\bzflag-2.4.2\msvc\build\libcurl_win32_debug\warnless.obj
c:\users\slymongoose\desktop\bzflag-2.4.2\msvc\build\libcurl_win32_debug\version.obj
c:\users\slymongoose\desktop\bzflag-2.4.2\msvc\build\libcurl_win32_debug\libcurl.lib
c:\users\slymongoose\desktop\bzflag-2.4.2\msvc\build\libcurl_win32_debug\libcurl.exp
c:\users\slymongoose\desktop\bzflag-2.4.2\msvc\build\libcurl_win32_debug\libcurl.ilk
c:\users\slymongoose\desktop\bzflag-2.4.2\msvc\build\libcurl_win32_debug\libcurl.dll
c:\users\slymongoose\desktop\bzflag-2.4.2\msvc\build\libcurl_win32_debug\libcurl.pdb
c:\users\slymongoose\desktop\bzflag-2.4.2\msvc\build\libcurl_win32_debug\libcurl.res
c:\users\slymongoose\desktop\bzflag-2.4.2\msvc\build\libcurl_win32_debug\libcurl.tlog\bscmake.command.1.tlog
c:\users\slymongoose\desktop\bzflag-2.4.2\msvc\build\libcurl_win32_debug\libcurl.tlog\bscmake.read.1.tlog
c:\users\slymongoose\desktop\bzflag-2.4.2\msvc\build\libcurl_win32_debug\libcurl.tlog\bscmake.write.1.tlog
c:\users\slymongoose\desktop\bzflag-2.4.2\msvc\build\libcurl_win32_debug\libcurl.tlog\cl.command.1.tlog
c:\users\slymongoose\desktop\bzflag-2.4.2\msvc\build\libcurl_win32_debug\libcurl.tlog\cl.read.1.tlog
c:\users\slymongoose\desktop\bzflag-2.4.2\msvc\build\libcurl_win32_debug\libcurl.tlog\cl.write.1.tlog
c:\users\slymongoose\desktop\bzflag-2.4.2\msvc\build\libcurl_win32_debug\libcurl.tlog\libcurl.write.1u.tlog
c:\users\slymongoose\desktop\bzflag-2.4.2\msvc\build\libcurl_win32_debug\libcurl.tlog\link.command.1.tlog
c:\users\slymongoose\desktop\bzflag-2.4.2\msvc\build\libcurl_win32_debug\libcurl.tlog\link.read.1.tlog
c:\users\slymongoose\desktop\bzflag-2.4.2\msvc\build\libcurl_win32_debug\libcurl.tlog\link.write.1.tlog
c:\users\slymongoose\desktop\bzflag-2.4.2\msvc\build\libcurl_win32_debug\libcurl.tlog\rc.command.1.tlog
c:\users\slymongoose\desktop\bzflag-2.4.2\msvc\build\libcurl_win32_debug\libcurl.tlog\rc.read.1.tlog
c:\users\slymongoose\desktop\bzflag-2.4.2\msvc\build\libcurl_win32_debug\libcurl.tlog\rc.write.1.tlog
