c:\users\slymongoose\desktop\bzflag-2.4.2\msvc\build\common_win32_debug\common.pdb
c:\users\slymongoose\desktop\bzflag-2.4.2\msvc\build\common_win32_debug\common.idb
c:\users\slymongoose\desktop\bzflag-2.4.2\msvc\build\common_win32_debug\language.obj
c:\users\slymongoose\desktop\bzflag-2.4.2\msvc\build\common_win32_debug\keymanager.obj
c:\users\slymongoose\desktop\bzflag-2.4.2\msvc\build\common_win32_debug\global.obj
c:\users\slymongoose\desktop\bzflag-2.4.2\msvc\build\common_win32_debug\gametime.obj
c:\users\slymongoose\desktop\bzflag-2.4.2\msvc\build\common_win32_debug\flag.obj
c:\users\slymongoose\desktop\bzflag-2.4.2\msvc\build\common_win32_debug\filemanager.obj
c:\users\slymongoose\desktop\bzflag-2.4.2\msvc\build\common_win32_debug\errorhandler.obj
c:\users\slymongoose\desktop\bzflag-2.4.2\msvc\build\common_win32_debug\curlmanager.obj
c:\users\slymongoose\desktop\bzflag-2.4.2\msvc\build\common_win32_debug\country.obj
c:\users\slymongoose\desktop\bzflag-2.4.2\msvc\build\common_win32_debug\configfilemanager.obj
c:\users\slymongoose\desktop\bzflag-2.4.2\msvc\build\common_win32_debug\commandmanager.obj
c:\users\slymongoose\desktop\bzflag-2.4.2\msvc\build\common_win32_debug\bzpng.obj
c:\users\slymongoose\desktop\bzflag-2.4.2\msvc\build\common_win32_debug\bzglob.obj
c:\users\slymongoose\desktop\bzflag-2.4.2\msvc\build\common_win32_debug\bzfio.obj
c:\users\slymongoose\desktop\bzflag-2.4.2\msvc\build\common_win32_debug\bzdbcache.obj
c:\users\slymongoose\desktop\bzflag-2.4.2\msvc\build\common_win32_debug\bz_locale.obj
c:\users\slymongoose\desktop\bzflag-2.4.2\msvc\build\common_win32_debug\bundlemgr.obj
c:\users\slymongoose\desktop\bzflag-2.4.2\msvc\build\common_win32_debug\bundle.obj
c:\users\slymongoose\desktop\bzflag-2.4.2\msvc\build\common_win32_debug\autocompleter.obj
c:\users\slymongoose\desktop\bzflag-2.4.2\msvc\build\common_win32_debug\accesslist.obj
c:\users\slymongoose\desktop\bzflag-2.4.2\msvc\build\common_win32_debug\wordfilter.obj
c:\users\slymongoose\desktop\bzflag-2.4.2\msvc\build\common_win32_debug\votingbooth.obj
c:\users\slymongoose\desktop\bzflag-2.4.2\msvc\build\common_win32_debug\timekeeper.obj
c:\users\slymongoose\desktop\bzflag-2.4.2\msvc\build\common_win32_debug\timebomb.obj
c:\users\slymongoose\desktop\bzflag-2.4.2\msvc\build\common_win32_debug\textutils.obj
c:\users\slymongoose\desktop\bzflag-2.4.2\msvc\build\common_win32_debug\textchunkmanager.obj
c:\users\slymongoose\desktop\bzflag-2.4.2\msvc\build\common_win32_debug\team.obj
c:\users\slymongoose\desktop\bzflag-2.4.2\msvc\build\common_win32_debug\statedatabase.obj
c:\users\slymongoose\desktop\bzflag-2.4.2\msvc\build\common_win32_debug\shotupdate.obj
c:\users\slymongoose\desktop\bzflag-2.4.2\msvc\build\common_win32_debug\positiontracker.obj
c:\users\slymongoose\desktop\bzflag-2.4.2\msvc\build\common_win32_debug\playerstate.obj
c:\users\slymongoose\desktop\bzflag-2.4.2\msvc\build\common_win32_debug\parsecolor.obj
c:\users\slymongoose\desktop\bzflag-2.4.2\msvc\build\common_win32_debug\osfile.obj
c:\users\slymongoose\desktop\bzflag-2.4.2\msvc\build\common_win32_debug\messages.obj
c:\users\slymongoose\desktop\bzflag-2.4.2\msvc\build\common_win32_debug\md5.obj
c:\users\slymongoose\desktop\bzflag-2.4.2\msvc\build\common_win32_debug\bzsignal.obj
c:\users\slymongoose\desktop\bzflag-2.4.2\msvc\build\common_win32_debug\common.lib
c:\users\slymongoose\desktop\bzflag-2.4.2\msvc\build\./common_win32_debug\common.lib
c:\users\slymongoose\desktop\bzflag-2.4.2\msvc\build\common_win32_debug\common.tlog\cl.command.1.tlog
c:\users\slymongoose\desktop\bzflag-2.4.2\msvc\build\common_win32_debug\common.tlog\cl.read.1.tlog
c:\users\slymongoose\desktop\bzflag-2.4.2\msvc\build\common_win32_debug\common.tlog\cl.write.1.tlog
c:\users\slymongoose\desktop\bzflag-2.4.2\msvc\build\common_win32_debug\common.tlog\lib-link.read.1.tlog
c:\users\slymongoose\desktop\bzflag-2.4.2\msvc\build\common_win32_debug\common.tlog\lib-link.write.1.tlog
c:\users\slymongoose\desktop\bzflag-2.4.2\msvc\build\common_win32_debug\common.tlog\lib.command.1.tlog
